Arguments: 
  /Users/ceppstei/.nvm/versions/node/v8.1.3/bin/node /Users/ceppstei/.nvm/versions/node/v8.1.3/bin/yarn install

PATH: 
  /Users/ceppstei/.nvm/versions/node/v8.1.3/bin:/Users/ceppstei/.rbenv/shims:/Users/ceppstei/.rbenv/bin:/usr/local/linkedin/bin:/opt/subversion/bin:/usr/local/bin:/usr/bin:/bin:/usr/sbin:/sbin:/Users/ceppstei/bin:/Users/ceppstei/.rvm/bin

Yarn version: 
  1.1.0

Node version: 
  8.1.3

Platform: 
  darwin x64

npm manifest: 
  {
    "name": "@opticss/element-analysis",
    "version": "0.1.0",
    "description": "Data structures for storing the analysis of elements.",
    "main": "dist/src/index.js",
    "types": "dist/src/index.d.ts",
    "scripts": {
      "env": "env",
      "compile": "rm -rf dist test/build && tsc",
      "pretest": "yarn run compile && yarn run tslint",
      "prepublish": "rm -rf dist && tsc",
      "tslint": "tslint --project tsconfig.json",
      "test": "mocha test/build/test --opts test/mocha.opts",
      "coverage": "istanbul cover -i \"dist/src/**/*.js\" --dir ./build/coverage node_modules/.bin/_mocha -- dist/test --opts test/mocha.opts",
      "remap": "remap-istanbul -i build/coverage/coverage.json -o coverage -t html",
      "docs": "typedoc --out ./docs ."
    },
    "repository": {
      "type": "git",
      "url": "git+https://github.com/linkedin/opticss.git"
    },
    "keywords": [
      "css",
      "cascade"
    ],
    "author": "Chris Eppstein",
    "license": "BSD-2-Clause",
    "bugs": {
      "url": "https://github.com/linkedin/opticss/issues"
    },
    "homepage": "https://github.com/linkedin/opticss#readme",
    "peerDependencies": {
      "opticss": "*"
    },
    "dependencies": {
      "@opticss/util": "*",
    },
    "devDependencies": {
      "@types/node": "^8.0.26",
      "mocha": "^3.4.2",
      "mocha-typescript": "^1.1.9",
      "tslint": "^5.10.0",
      "typescript": "^2.4.1"
    }
  }

yarn manifest: 
  No manifest

Lockfile: 
  No lockfile

Trace: 
  SyntaxError: /Users/ceppstei/Work/sailfish/opticss/packages/element-analysis/package.json: Unexpected token } in JSON at position 1191
      at JSON.parse (<anonymous>)
      at /Users/ceppstei/.nvm/versions/node/v8.1.3/lib/node_modules/yarn/lib/cli.js:764:59
      at Generator.next (<anonymous>)
      at step (/Users/ceppstei/.nvm/versions/node/v8.1.3/lib/node_modules/yarn/lib/cli.js:92:30)
      at /Users/ceppstei/.nvm/versions/node/v8.1.3/lib/node_modules/yarn/lib/cli.js:103:13
      at <anonymous>
